<?xml version="1.0" encoding="UTF-8"?>
<testng-results skipped="0" failed="0" ignored="0" total="1" passed="1">
  <reporter-output>
  </reporter-output>
  <suite name="Suite" duration-ms="20382" started-at="2019-07-27T09:42:49Z" finished-at="2019-07-27T09:43:09Z">
    <groups>
      <group name="cucumber">
        <method signature="AbstractTestNGCucumberTests.runScenario(cucumber.api.testng.PickleEventWrapper, cucumber.api.testng.CucumberFeatureWrapper)[pri:0, instance:com.leafBot.testcases.TC002_InputForm@210366b4]" name="runScenario" class="cucumber.api.testng.AbstractTestNGCucumberTests"/>
      </group> <!-- cucumber -->
    </groups>
    <test name="Test" duration-ms="20382" started-at="2019-07-27T09:42:49Z" finished-at="2019-07-27T09:43:09Z">
      <class name="com.leafBot.testcases.TC002_InputForm">
        <test-method status="PASS" signature="startReport()[pri:0, instance:com.leafBot.testcases.TC002_InputForm@210366b4]" name="startReport" is-config="true" duration-ms="298" started-at="2019-07-27T09:42:48Z" finished-at="2019-07-27T09:42:49Z">
          <reporter-output>
          </reporter-output>
        </test-method> <!-- startReport -->
        <test-method status="PASS" signature="setData()[pri:0, instance:com.leafBot.testcases.TC002_InputForm@210366b4]" name="setData" is-config="true" duration-ms="0" started-at="2019-07-27T09:42:49Z" finished-at="2019-07-27T09:42:49Z">
          <reporter-output>
          </reporter-output>
        </test-method> <!-- setData -->
        <test-method status="PASS" signature="setUpClass()[pri:0, instance:com.leafBot.testcases.TC002_InputForm@210366b4]" name="setUpClass" is-config="true" duration-ms="80" started-at="2019-07-27T09:42:49Z" finished-at="2019-07-27T09:42:49Z">
          <reporter-output>
          </reporter-output>
        </test-method> <!-- setUpClass -->
        <test-method status="PASS" signature="report()[pri:0, instance:com.leafBot.testcases.TC002_InputForm@210366b4]" name="report" is-config="true" duration-ms="6" started-at="2019-07-27T09:42:49Z" finished-at="2019-07-27T09:42:49Z">
          <reporter-output>
          </reporter-output>
        </test-method> <!-- report -->
        <test-method status="PASS" signature="beforeMethod()[pri:0, instance:com.leafBot.testcases.TC002_InputForm@210366b4]" name="beforeMethod" is-config="true" duration-ms="11965" started-at="2019-07-27T09:42:49Z" finished-at="2019-07-27T09:43:01Z">
          <reporter-output>
          </reporter-output>
        </test-method> <!-- beforeMethod -->
        <test-method status="PASS" signature="Input_form(java.lang.String, java.lang.String)[pri:1, instance:com.leafBot.testcases.TC002_InputForm@210366b4]" name="Input_form" duration-ms="2740" started-at="2019-07-27T09:43:01Z" data-provider="fetchData" finished-at="2019-07-27T09:43:04Z">
          <params>
            <param index="0">
              <value>
                <![CDATA[venkatesh]]>
              </value>
            </param>
            <param index="1">
              <value>
                <![CDATA[swaminathan]]>
              </value>
            </param>
          </params>
          <reporter-output>
          </reporter-output>
        </test-method> <!-- Input_form -->
        <test-method status="PASS" signature="afterMethod()[pri:0, instance:com.leafBot.testcases.TC002_InputForm@210366b4]" name="afterMethod" is-config="true" duration-ms="5080" started-at="2019-07-27T09:43:04Z" finished-at="2019-07-27T09:43:09Z">
          <reporter-output>
          </reporter-output>
        </test-method> <!-- afterMethod -->
        <test-method status="PASS" signature="tearDownClass()[pri:0, instance:com.leafBot.testcases.TC002_InputForm@210366b4]" name="tearDownClass" is-config="true" duration-ms="7" started-at="2019-07-27T09:43:09Z" finished-at="2019-07-27T09:43:09Z">
          <reporter-output>
          </reporter-output>
        </test-method> <!-- tearDownClass -->
        <test-method status="PASS" signature="stopReport()[pri:0, instance:com.leafBot.testcases.TC002_InputForm@210366b4]" name="stopReport" is-config="true" duration-ms="215" started-at="2019-07-27T09:43:09Z" finished-at="2019-07-27T09:43:09Z">
          <reporter-output>
          </reporter-output>
        </test-method> <!-- stopReport -->
      </class> <!-- com.leafBot.testcases.TC002_InputForm -->
    </test> <!-- Test -->
  </suite> <!-- Suite -->
</testng-results>
